<?xml version="1.0" encoding="UTF-8"?>
<!-- Generated by org.testng.reporters.JUnitXMLReporter -->
<testsuite ignored="0" hostname="DESKTOP-HE8N2L5" failures="0" tests="4" name="Default test" time="10.396" errors="0" timestamp="2022-10-19T00:07:00 IST">
  <testcase classname="api.test.UserTests" name="testPostUser" time="4.767"/>
  <testcase classname="api.test.UserTests" name="testGetUserByName" time="1.273"/>
  <testcase classname="api.test.UserTests" name="testUpdateUserByName" time="2.632"/>
  <testcase classname="api.test.UserTests" name="deleteuserByname" time="1.223"/>
</testsuite> <!-- Default test -->
