<?xml version="1.0" encoding="UTF-8"?>
<testng-results ignored="0" total="4" passed="4" failed="0" skipped="0">
  <reporter-output>
  </reporter-output>
  <suite started-at="2022-10-19T00:06:50 IST" name="Default suite" finished-at="2022-10-19T00:07:00 IST" duration-ms="10396">
    <groups>
    </groups>
    <test started-at="2022-10-19T00:06:50 IST" name="Default test" finished-at="2022-10-19T00:07:00 IST" duration-ms="10396">
      <class name="api.test.UserTests">
        <test-method is-config="true" signature="SetupData()[pri:0, instance:api.test.UserTests@3e11f9e9]" started-at="2022-10-19T00:06:50 IST" name="SetupData" finished-at="2022-10-19T00:06:50 IST" duration-ms="387" status="PASS">
          <reporter-output>
          </reporter-output>
        </test-method> <!-- SetupData -->
        <test-method signature="testPostUser()[pri:1, instance:api.test.UserTests@3e11f9e9]" started-at="2022-10-19T00:06:50 IST" name="testPostUser" finished-at="2022-10-19T00:06:55 IST" duration-ms="4767" status="PASS">
          <reporter-output>
          </reporter-output>
        </test-method> <!-- testPostUser -->
        <test-method signature="testGetUserByName()[pri:2, instance:api.test.UserTests@3e11f9e9]" started-at="2022-10-19T00:06:55 IST" name="testGetUserByName" finished-at="2022-10-19T00:06:56 IST" duration-ms="1273" status="PASS">
          <reporter-output>
          </reporter-output>
        </test-method> <!-- testGetUserByName -->
        <test-method signature="testUpdateUserByName()[pri:3, instance:api.test.UserTests@3e11f9e9]" started-at="2022-10-19T00:06:56 IST" name="testUpdateUserByName" finished-at="2022-10-19T00:06:59 IST" duration-ms="2632" status="PASS">
          <reporter-output>
          </reporter-output>
        </test-method> <!-- testUpdateUserByName -->
        <test-method signature="deleteuserByname()[pri:4, instance:api.test.UserTests@3e11f9e9]" started-at="2022-10-19T00:06:59 IST" name="deleteuserByname" finished-at="2022-10-19T00:07:00 IST" duration-ms="1223" status="PASS">
          <reporter-output>
          </reporter-output>
        </test-method> <!-- deleteuserByname -->
      </class> <!-- api.test.UserTests -->
    </test> <!-- Default test -->
  </suite> <!-- Default suite -->
</testng-results>
